<?xml version="1.0" encoding="UTF-8"?>
<coverage generated="1650657816741" clover="3.2.0">
  <project timestamp="1650657816741" name="All files">
    <metrics statements="29" coveredstatements="28" conditionals="4" coveredconditionals="4" methods="12" coveredmethods="11" elements="45" coveredelements="43" complexity="0" loc="29" ncloc="29" packages="1" files="4" classes="4"/>
    <file name="anagram.js" path="/home/cia/Documents/Programming/MyProgramming/JS/js-unit-testing-jest/anagram.js">
      <metrics statements="5" coveredstatements="5" conditionals="0" coveredconditionals="0" methods="2" coveredmethods="2"/>
      <line num="1" count="1" type="stmt"/>
      <line num="2" count="4" type="stmt"/>
      <line num="5" count="1" type="stmt"/>
      <line num="6" count="8" type="stmt"/>
      <line num="14" count="1" type="stmt"/>
    </file>
    <file name="chunk.js" path="/home/cia/Documents/Programming/MyProgramming/JS/js-unit-testing-jest/chunk.js">
      <metrics statements="9" coveredstatements="9" conditionals="4" coveredconditionals="4" methods="2" coveredmethods="2"/>
      <line num="1" count="1" type="stmt"/>
      <line num="4" count="1" type="stmt"/>
      <line num="7" count="1" type="stmt"/>
      <line num="9" count="10" type="stmt"/>
      <line num="12" count="10" type="cond" truecount="4" falsecount="0"/>
      <line num="13" count="5" type="stmt"/>
      <line num="15" count="5" type="stmt"/>
      <line num="19" count="1" type="stmt"/>
      <line num="22" count="1" type="stmt"/>
    </file>
    <file name="functions.js" path="/home/cia/Documents/Programming/MyProgramming/JS/js-unit-testing-jest/functions.js">
      <metrics statements="12" coveredstatements="11" conditionals="0" coveredconditionals="0" methods="7" coveredmethods="6"/>
      <line num="1" count="1" type="stmt"/>
      <line num="3" count="1" type="stmt"/>
      <line num="4" count="2" type="stmt"/>
      <line num="5" count="1" type="stmt"/>
      <line num="6" count="1" type="stmt"/>
      <line num="8" count="1" type="stmt"/>
      <line num="9" count="1" type="stmt"/>
      <line num="10" count="1" type="stmt"/>
      <line num="13" count="2" type="stmt"/>
      <line num="15" count="2" type="stmt"/>
      <line num="16" count="0" type="stmt"/>
      <line num="19" count="1" type="stmt"/>
    </file>
    <file name="reverseString.js" path="/home/cia/Documents/Programming/MyProgramming/JS/js-unit-testing-jest/reverseString.js">
      <metrics statements="3" coveredstatements="3" conditionals="0" coveredconditionals="0" methods="1" coveredmethods="1"/>
      <line num="1" count="1" type="stmt"/>
      <line num="2" count="1" type="stmt"/>
      <line num="8" count="1" type="stmt"/>
    </file>
  </project>
</coverage>
